<?xml version="1.0" encoding="UTF-8"?>
<!-- Generated by org.testng.reporters.JUnitReportReporter -->
<testsuite hostname="Sayannas-MacBook-Pro.local" failures="0" tests="1" name="com.zoopla.pages.Testclass" time="5.378" errors="0" timestamp="2021-05-15T17:39:23 PDT" skipped="0">
  <testcase classname="com.zoopla.pages.Testclass" name="setUp" time="5.378"/>
  <system-out/>
</testsuite> <!-- com.zoopla.pages.Testclass -->
