<?xml version="1.0" encoding="UTF-8"?>
<!-- Generated by org.testng.reporters.JUnitReportReporter -->
<testsuite skipped="0" hostname="Sayannas-MacBook-Pro.local" name="com.zoopla.Example" tests="1" failures="0" timestamp="2021-05-16T19:19:03 PDT" time="7.058" errors="0">
  <testcase name="homapageTest" time="7.058" classname="com.zoopla.Example"/>
  <system-out/>
</testsuite> <!-- com.zoopla.Example -->
