<?xml version="1.0" encoding="UTF-8"?>
<!-- Generated by org.testng.reporters.JUnitReportReporter -->
<testsuite skipped="0" hostname="Sayannas-MacBook-Pro.local" name="com.zoopla.pageTests.ListingsPageTest" tests="3" failures="0" timestamp="2021-05-18T08:23:42 PDT" time="3.271" errors="0">
  <testcase name="validateTitle" time="0.016" classname="com.zoopla.pageTests.ListingsPageTest"/>
  <system-out/>
  <testcase name="MostRecentDrpDwn" time="0.296" classname="com.zoopla.pageTests.ListingsPageTest"/>
  <system-out/>
  <testcase name="clickOnProperty" time="2.959" classname="com.zoopla.pageTests.ListingsPageTest"/>
  <system-out/>
</testsuite> <!-- com.zoopla.pageTests.ListingsPageTest -->
