<?xml version="1.0" encoding="UTF-8"?>
<!-- Generated by org.testng.reporters.JUnitReportReporter -->
<testsuite skipped="0" hostname="Sayannas-MacBook-Pro.local" name="com.zoopla.pageTests.HomepageTest" tests="4" failures="0" timestamp="2021-05-29T15:51:57 PDT" time="3.228" errors="0">
  <testcase name="validateHomepageTitle" time="0.020" classname="com.zoopla.pageTests.HomepageTest"/>
  <system-out/>
  <testcase name="ClickOnPopup" time="0.131" classname="com.zoopla.pageTests.HomepageTest"/>
  <system-out/>
  <testcase name="EnterText" time="0.241" classname="com.zoopla.pageTests.HomepageTest"/>
  <system-out/>
  <testcase name="clickOnsearchBtn" time="2.836" classname="com.zoopla.pageTests.HomepageTest"/>
  <system-out/>
</testsuite> <!-- com.zoopla.pageTests.HomepageTest -->
