<?xml version="1.0" encoding="UTF-8"?>
<!-- Generated by org.testng.reporters.JUnitReportReporter -->
<testsuite skipped="0" hostname="Sayannas-MacBook-Pro.local" name="com.zoopla.pageTests.ListingsPageTest" tests="3" failures="0" timestamp="2021-05-16T21:25:14 PDT" time="5.038" errors="0">
  <testcase name="validateTitle" time="0.037" classname="com.zoopla.pageTests.ListingsPageTest"/>
  <system-out/>
  <testcase name="MostRecentDrpDwn" time="1.860" classname="com.zoopla.pageTests.ListingsPageTest"/>
  <system-out/>
  <testcase name="clickOnProperty" time="3.141" classname="com.zoopla.pageTests.ListingsPageTest"/>
  <system-out/>
</testsuite> <!-- com.zoopla.pageTests.ListingsPageTest -->
