<?xml version="1.0" encoding="UTF-8"?>
<!-- Generated by org.testng.reporters.JUnitReportReporter -->
<testsuite skipped="0" hostname="Sayannas-MacBook-Pro.local" name="com.zoopla.pageTests.HomepageTest" tests="3" failures="0" timestamp="2021-05-16T18:59:56 PDT" time="4.973" errors="0">
  <testcase name="validateHomepageTitle" time="0.164" classname="com.zoopla.pageTests.HomepageTest"/>
  <system-out/>
  <testcase name="EnterText" time="0.336" classname="com.zoopla.pageTests.HomepageTest"/>
  <system-out/>
  <testcase name="clickOnsearchBtn" time="4.473" classname="com.zoopla.pageTests.HomepageTest"/>
  <system-out/>
</testsuite> <!-- com.zoopla.pageTests.HomepageTest -->
