<?xml version="1.0" encoding="UTF-8"?>
<!-- Generated by org.testng.reporters.JUnitReportReporter -->
<testsuite skipped="0" hostname="Sayannas-MacBook-Pro.local" name="com.zoopla.pageTests.PropertyDetailsPageTest" tests="2" failures="1" timestamp="2021-05-16T19:02:23 PDT" time="3.016" errors="0">
  <testcase name="ValidatepageTitle" time="0.060" classname="com.zoopla.pageTests.PropertyDetailsPageTest">
    <failure type="java.lang.AssertionError" message="URL not matched expected [https://www.zoopla.co.uk/for-sale/details/58625425/?search_identifier=c14ac08bf282507f6273830c65fcde12] but found [https://www.zoopla.co.uk/new-homes/details/58625799/?search_identifier=745775bfdf5a80480dca54c310e41cd5]">
      <![CDATA[java.lang.AssertionError: URL not matched expected [https://www.zoopla.co.uk/for-sale/details/58625425/?search_identifier=c14ac08bf282507f6273830c65fcde12] but found [https://www.zoopla.co.uk/new-homes/details/58625799/?search_identifier=745775bfdf5a80480dca54c310e41cd5]
at org.testng.Assert.fail(Assert.java:99)
at org.testng.Assert.failNotEquals(Assert.java:1037)
at org.testng.Assert.assertEqualsImpl(Assert.java:140)
at org.testng.Assert.assertEquals(Assert.java:122)
at org.testng.Assert.assertEquals(Assert.java:629)
at com.zoopla.pageTests.PropertyDetailsPageTest.ValidatepageTitle(PropertyDetailsPageTest.java:35)
at sun.reflect.NativeMethodAccessorImpl.invoke0(Native Method)
at sun.reflect.NativeMethodAccessorImpl.invoke(NativeMethodAccessorImpl.java:62)
at sun.reflect.DelegatingMethodAccessorImpl.invoke(DelegatingMethodAccessorImpl.java:43)
at java.lang.reflect.Method.invoke(Method.java:498)
at org.testng.internal.MethodInvocationHelper.invokeMethod(MethodInvocationHelper.java:133)
at org.testng.internal.TestInvoker.invokeMethod(TestInvoker.java:598)
at org.testng.internal.TestInvoker.invokeTestMethod(TestInvoker.java:173)
at org.testng.internal.MethodRunner.runInSequence(MethodRunner.java:46)
at org.testng.internal.TestInvoker$MethodInvocationAgent.invoke(TestInvoker.java:824)
at org.testng.internal.TestInvoker.invokeTestMethods(TestInvoker.java:146)
at org.testng.internal.TestMethodWorker.invokeTestMethods(TestMethodWorker.java:146)
at org.testng.internal.TestMethodWorker.run(TestMethodWorker.java:128)
at java.util.ArrayList.forEach(ArrayList.java:1257)
at org.testng.TestRunner.privateRun(TestRunner.java:794)
at org.testng.TestRunner.run(TestRunner.java:596)
at org.testng.SuiteRunner.runTest(SuiteRunner.java:377)
at org.testng.SuiteRunner.runSequentially(SuiteRunner.java:371)
at org.testng.SuiteRunner.privateRun(SuiteRunner.java:332)
at org.testng.SuiteRunner.run(SuiteRunner.java:276)
at org.testng.SuiteRunnerWorker.runSuite(SuiteRunnerWorker.java:53)
at org.testng.SuiteRunnerWorker.run(SuiteRunnerWorker.java:96)
at org.testng.TestNG.runSuitesSequentially(TestNG.java:1212)
at org.testng.TestNG.runSuitesLocally(TestNG.java:1134)
at org.testng.TestNG.runSuites(TestNG.java:1063)
at org.testng.TestNG.run(TestNG.java:1031)
at org.testng.remote.AbstractRemoteTestNG.run(AbstractRemoteTestNG.java:115)
at org.testng.remote.RemoteTestNG.initAndRun(RemoteTestNG.java:251)
at org.testng.remote.RemoteTestNG.main(RemoteTestNG.java:77)
]]>
    </failure>
  </testcase> <!-- ValidatepageTitle -->
  <system-out/>
  <testcase name="ClickOnViewProperty" time="2.956" classname="com.zoopla.pageTests.PropertyDetailsPageTest"/>
  <system-out/>
</testsuite> <!-- com.zoopla.pageTests.PropertyDetailsPageTest -->
